# JRE version: OpenJDK Runtime Environment (11.0+28) (build 11+28)
# Java VM: OpenJDK 64-Bit Server VM (11+28, mixed mode, tiered, compressed oops, g1 gc, windows-amd64)
Heap:
 garbage-first heap   total 327680K, used 64106K [0x00000006c0a00000, 0x0000000800000000)
  region size 1024K, 25 young (25600K), 9 survivors (9216K)
 Metaspace       used 94497K, capacity 96977K, committed 97100K, reserved 1134592K
  class space    used 11818K, capacity 12800K, committed 12876K, reserved 1048576K
GC Heap History (10 events):
Event: 1011.827 GC heap before
{Heap before GC invocations=13 (full 0):
 garbage-first heap   total 327680K, used 218908K [0x00000006c0a00000, 0x0000000800000000)
  region size 1024K, 192 young (196608K), 18 survivors (18432K)
 Metaspace       used 92211K, capacity 94706K, committed 94796K, reserved 1130496K
  class space    used 11805K, capacity 12786K, committed 12876K, reserved 1048576K
}
Event: 1011.844 GC heap after
{Heap after GC invocations=14 (full 0):
 garbage-first heap   total 327680K, used 48086K [0x00000006c0a00000, 0x0000000800000000)
  region size 1024K, 19 young (19456K), 19 survivors (19456K)
 Metaspace       used 92211K, capacity 94706K, committed 94796K, reserved 1130496K
  class space    used 11805K, capacity 12786K, committed 12876K, reserved 1048576K
}
Event: 6053.616 GC heap before
{Heap before GC invocations=14 (full 0):
 garbage-first heap   total 327680K, used 225238K [0x00000006c0a00000, 0x0000000800000000)
  region size 1024K, 192 young (196608K), 19 survivors (19456K)
 Metaspace       used 93103K, capacity 95650K, committed 95820K, reserved 1132544K
  class space    used 11809K, capacity 12792K, committed 12876K, reserved 1048576K
}
Event: 6053.642 GC heap after
{Heap after GC invocations=15 (full 0):
 garbage-first heap   total 327680K, used 49982K [0x00000006c0a00000, 0x0000000800000000)
  region size 1024K, 10 young (10240K), 10 survivors (10240K)
 Metaspace       used 93103K, capacity 95650K, committed 95820K, reserved 1132544K
  class space    used 11809K, capacity 12792K, committed 12876K, reserved 1048576K
}
Event: 11569.532 GC heap before
{Heap before GC invocations=15 (full 0):
 garbage-first heap   total 327680K, used 236350K [0x00000006c0a00000, 0x0000000800000000)
  region size 1024K, 192 young (196608K), 10 survivors (10240K)
 Metaspace       used 93699K, capacity 96233K, committed 96332K, reserved 1132544K
  class space    used 11811K, capacity 12792K, committed 12876K, reserved 1048576K
}
Event: 11569.554 GC heap after
{Heap after GC invocations=16 (full 0):
 garbage-first heap   total 327680K, used 48446K [0x00000006c0a00000, 0x0000000800000000)
  region size 1024K, 9 young (9216K), 9 survivors (9216K)
 Metaspace       used 93699K, capacity 96233K, committed 96332K, reserved 1132544K
  class space    used 11811K, capacity 12792K, committed 12876K, reserved 1048576K
}
Event: 17114.123 GC heap before
{Heap before GC invocations=16 (full 0):
 garbage-first heap   total 327680K, used 235838K [0x00000006c0a00000, 0x0000000800000000)
  region size 1024K, 192 young (196608K), 9 survivors (9216K)
 Metaspace       used 94027K, capacity 96565K, committed 96844K, reserved 1132544K
  class space    used 11811K, capacity 12792K, committed 12876K, reserved 1048576K
}
Event: 17114.164 GC heap after
{Heap after GC invocations=17 (full 0):
 garbage-first heap   total 327680K, used 48360K [0x00000006c0a00000, 0x0000000800000000)
  region size 1024K, 9 young (9216K), 9 survivors (9216K)
 Metaspace       used 94027K, capacity 96565K, committed 96844K, reserved 1132544K
  class space    used 11811K, capacity 12792K, committed 12876K, reserved 1048576K
}
Event: 23323.154 GC heap before
{Heap before GC invocations=17 (full 0):
 garbage-first heap   total 327680K, used 235752K [0x00000006c0a00000, 0x0000000800000000)
  region size 1024K, 192 young (196608K), 9 survivors (9216K)
 Metaspace       used 94443K, capacity 96977K, committed 97100K, reserved 1134592K
  class space    used 11818K, capacity 12800K, committed 12876K, reserved 1048576K
}
Event: 23323.452 GC heap after
{Heap after GC invocations=18 (full 0):
 garbage-first heap   total 327680K, used 48746K [0x00000006c0a00000, 0x0000000800000000)
  region size 1024K, 9 young (9216K), 9 survivors (9216K)
 Metaspace       used 94443K, capacity 96977K, committed 97100K, reserved 1134592K
  class space    used 11818K, capacity 12800K, committed 12876K, reserved 1048576K
}

